<?xml version="1.0" encoding="UTF-8"?>
<coverage generated="1664770988617" clover="3.2.0">
  <project timestamp="1664770988617" name="All files">
    <metrics statements="11" coveredstatements="11" conditionals="6" coveredconditionals="6" methods="6" coveredmethods="6" elements="23" coveredelements="23" complexity="0" loc="11" ncloc="11" packages="1" files="1" classes="1"/>
    <file name="Maybe.js" path="/Users/zoo/codes/js-fs/make-some-lib/src/Maybe.js">
      <metrics statements="11" coveredstatements="11" conditionals="6" coveredconditionals="6" methods="6" coveredmethods="6"/>
      <line num="2" count="20" type="stmt"/>
      <line num="15" count="1" type="stmt"/>
      <line num="16" count="19" type="stmt"/>
      <line num="19" count="1" type="stmt"/>
      <line num="20" count="15" type="cond" truecount="2" falsecount="0"/>
      <line num="23" count="1" type="stmt"/>
      <line num="24" count="5" type="cond" truecount="2" falsecount="0"/>
      <line num="31" count="1" type="stmt"/>
      <line num="32" count="8" type="cond" truecount="2" falsecount="0"/>
      <line num="35" count="1" type="stmt"/>
      <line num="36" count="1" type="stmt"/>
    </file>
  </project>
</coverage>
