TN:
SF:lib/forEach.js
FN:10,forEach
FNF:1
FNH:1
FNDA:1,forEach
DA:3,1
DA:6,1
DA:8,1
DA:11,1
DA:12,2
LF:5
LH:5
BRF:0
BRH:0
end_of_record
TN:
SF:lib/forEachObject.js
FN:8,forEachObject
FNF:1
FNH:1
FNDA:1,forEachObject
DA:3,1
DA:6,1
DA:9,1
DA:10,2
DA:11,2
LF:5
LH:5
BRDA:10,0,0,2
BRDA:10,0,1,0
BRF:2
BRH:1
end_of_record
TN:
SF:lib/once.js
FN:14,once
FN:16,(anonymous_1)
FNF:2
FNH:2
FNDA:1,once
FNDA:2,(anonymous_1)
DA:3,1
DA:6,1
DA:15,1
DA:16,1
DA:17,2
LF:5
LH:5
BRDA:17,0,0,1
BRDA:17,0,1,1
BRF:2
BRH:2
end_of_record
TN:
SF:lib/times.js
FN:8,times
FNF:1
FNH:1
FNDA:1,times
DA:3,1
DA:6,1
DA:9,1
DA:10,1
DA:12,1
DA:13,2
LF:6
LH:6
BRDA:9,0,0,1
BRDA:9,0,1,0
BRDA:9,1,0,1
BRDA:9,1,1,1
BRDA:10,2,0,1
BRDA:10,2,1,0
BRF:6
BRH:4
end_of_record
TN:
SF:lib/unary.js
FN:18,unary
FN:19,(anonymous_1)
FNF:2
FNH:2
FNDA:1,unary
FNDA:2,(anonymous_1)
DA:3,1
DA:6,1
DA:19,2
LF:3
LH:3
BRDA:19,0,0,0
BRDA:19,0,1,1
BRDA:19,1,0,1
BRDA:19,1,1,1
BRF:4
BRH:3
end_of_record
TN:
SF:lib/unless.js
FN:8,unless
FNF:1
FNH:1
FNDA:2,unless
DA:3,1
DA:6,1
DA:9,2
DA:10,1
LF:4
LH:4
BRDA:9,0,0,1
BRDA:9,0,1,1
BRF:2
BRH:2
end_of_record
TN:
SF:src/concatAll.js
FN:1,concatAll
FNF:1
FNH:1
FNDA:1,concatAll
DA:2,1
DA:4,1
DA:5,2
DA:8,1
LF:4
LH:4
BRDA:5,0,0,1
BRDA:5,0,1,1
BRF:2
BRH:2
end_of_record
TN:
SF:src/curry.js
FN:53,curry
FN:54,curried
FN:58,(anonymous_2)
FNF:3
FNH:3
FNDA:1,curry
FNDA:3,curried
FNDA:2,(anonymous_2)
DA:54,1
DA:55,3
DA:56,1
DA:58,2
DA:59,2
LF:5
LH:5
BRDA:55,0,0,1
BRDA:55,0,1,2
BRF:2
BRH:2
end_of_record
TN:
SF:src/every.js
FN:5,every
FNF:1
FNH:1
FNDA:1,every
DA:6,1
DA:7,1
DA:8,2
DA:10,1
LF:4
LH:4
BRDA:8,0,0,2
BRDA:8,0,1,1
BRF:2
BRH:2
end_of_record
TN:
SF:src/filter.js
FN:1,filter
FNF:1
FNH:1
FNDA:1,filter
DA:2,1
DA:4,1
DA:5,5
DA:7,1
LF:4
LH:4
BRDA:5,0,0,5
BRDA:5,0,1,3
BRF:2
BRH:2
end_of_record
TN:
SF:src/identity.js
FN:1,identity
FNF:1
FNH:1
FNDA:1,identity
DA:2,1
LF:1
LH:1
BRF:0
BRH:0
end_of_record
TN:
SF:src/map.js
FN:1,map
FNF:1
FNH:1
FNDA:1,map
DA:2,1
DA:4,1
DA:5,3
DA:7,1
LF:4
LH:4
BRF:0
BRH:0
end_of_record
TN:
SF:src/objectAssign.js
FN:1,objectAssign
FNF:1
FNH:1
FNDA:1,objectAssign
DA:2,1
DA:4,1
DA:5,2
DA:6,2
DA:7,2
DA:8,4
DA:11,1
LF:7
LH:7
BRF:0
BRH:0
end_of_record
TN:
SF:src/reduce.js
FN:1,reduce
FNF:1
FNH:1
FNDA:1,reduce
DA:4,1
DA:8,1
DA:9,1
DA:10,2
DA:13,0
DA:14,0
DA:18,1
LF:7
LH:5
BRDA:4,0,0,0
BRDA:4,0,1,1
BRDA:8,1,0,1
BRDA:8,1,1,0
BRF:4
BRH:2
end_of_record
TN:
SF:src/zip.js
FN:1,zip
FN:23,(anonymous_1)
FNF:2
FNH:2
FNDA:2,zip
FNDA:3,(anonymous_1)
DA:2,2
DA:7,0
DA:11,2
DA:13,2
DA:18,6
DA:20,2
DA:23,3
DA:24,1
LF:8
LH:7
BRDA:2,0,0,0
BRDA:2,0,1,2
BRDA:3,1,0,2
BRDA:3,1,1,2
BRDA:3,1,2,2
BRF:5
BRH:4
end_of_record
