TN:
SF:lib/every.js
FN:14,every
FNF:1
FNH:1
FNDA:1,every
DA:3,1
DA:6,1
DA:8,1
DA:15,1
DA:17,1
DA:18,2
DA:21,1
LF:7
LH:7
BRDA:18,0,0,2
BRDA:18,0,1,1
BRF:2
BRH:2
end_of_record
TN:
SF:lib/forEach.js
FN:10,forEach
FNF:1
FNH:1
FNDA:1,forEach
DA:3,1
DA:6,1
DA:8,1
DA:11,1
DA:12,2
LF:5
LH:5
BRF:0
BRH:0
end_of_record
TN:
SF:lib/forEachObject.js
FN:8,forEachObject
FNF:1
FNH:1
FNDA:1,forEachObject
DA:3,1
DA:6,1
DA:9,1
DA:10,2
DA:11,2
LF:5
LH:5
BRDA:10,0,0,2
BRDA:10,0,1,0
BRF:2
BRH:1
end_of_record
TN:
SF:lib/times.js
FN:8,times
FNF:1
FNH:1
FNDA:1,times
DA:3,1
DA:6,1
DA:9,1
DA:10,1
DA:12,1
DA:13,2
LF:6
LH:6
BRDA:9,0,0,1
BRDA:9,0,1,0
BRDA:9,1,0,1
BRDA:9,1,1,1
BRDA:10,2,0,1
BRDA:10,2,1,0
BRF:6
BRH:4
end_of_record
TN:
SF:lib/unary.js
FN:18,unary
FN:19,(anonymous_1)
FNF:2
FNH:2
FNDA:1,unary
FNDA:2,(anonymous_1)
DA:3,1
DA:6,1
DA:19,2
LF:3
LH:3
BRDA:19,0,0,0
BRDA:19,0,1,1
BRDA:19,1,0,1
BRDA:19,1,1,1
BRF:4
BRH:3
end_of_record
TN:
SF:lib/unless.js
FN:8,unless
FNF:1
FNH:1
FNDA:2,unless
DA:3,1
DA:6,1
DA:9,2
DA:10,1
LF:4
LH:4
BRDA:9,0,0,1
BRDA:9,0,1,1
BRF:2
BRH:2
end_of_record
